[3.134s] DEBUG:colcon:Command line arguments: ['/usr/bin/colcon', 'build']
[3.134s] DEBUG:colcon:Parsed command line arguments: Namespace(allow_overriding=[], ament_cmake_args=None, base_paths=['.'], build_base='build', catkin_cmake_args=None, catkin_skip_building_tests=False, cmake_args=None, cmake_clean_cache=False, cmake_clean_first=False, cmake_force_configure=False, cmake_target=None, cmake_target_skip_unavailable=False, continue_on_error=False, event_handlers=None, executor='parallel', ignore_user_meta=False, install_base='install', log_base=None, log_level=None, main=<bound method BuildVerb.main of <colcon_core.verb.build.BuildVerb object at 0xffff8682cdc0>>, merge_install=False, metas=['./colcon.meta'], packages_above=None, packages_above_and_dependencies=None, packages_above_depth=None, packages_end=None, packages_ignore=None, packages_ignore_regex=None, packages_select=None, packages_select_build_failed=False, packages_select_by_dep=None, packages_select_regex=None, packages_select_test_failures=False, packages_skip=None, packages_skip_build_finished=False, packages_skip_by_dep=None, packages_skip_regex=None, packages_skip_test_passed=False, packages_skip_up_to=None, packages_start=None, packages_up_to=None, packages_up_to_regex=None, parallel_workers=6, paths=None, symlink_install=False, test_result_base=None, verb_extension=<colcon_core.verb.build.BuildVerb object at 0xffff8682cdc0>, verb_name='build', verb_parser=<colcon_defaults.argument_parser.defaults.DefaultArgumentsDecorator object at 0xffff866e3cd0>)
[3.280s] Level 1:colcon.colcon_core.package_discovery:discover_packages(colcon_meta) check parameters
[3.280s] Level 1:colcon.colcon_core.package_discovery:discover_packages(recursive) check parameters
[3.280s] Level 1:colcon.colcon_core.package_discovery:discover_packages(ignore) check parameters
[3.280s] Level 1:colcon.colcon_core.package_discovery:discover_packages(path) check parameters
[3.280s] Level 1:colcon.colcon_core.package_discovery:discover_packages(colcon_meta) discover
[3.281s] Level 1:colcon.colcon_core.package_discovery:discover_packages(recursive) discover
[3.281s] INFO:colcon.colcon_core.package_discovery:Crawling recursively for packages in '/home/aros/ForaBotResearch/ros2_foxy_workspace'
[3.281s] Level 1:colcon.colcon_core.package_identification:_identify(.) by extensions ['ignore', 'ignore_ament_install']
[3.281s] Level 1:colcon.colcon_core.package_identification:_identify(.) by extension 'ignore'
[3.281s] Level 1:colcon.colcon_core.package_identification:_identify(.) by extension 'ignore_ament_install'
[3.281s] Level 1:colcon.colcon_core.package_identification:_identify(.) by extensions ['colcon_pkg']
[3.281s] Level 1:colcon.colcon_core.package_identification:_identify(.) by extension 'colcon_pkg'
[3.282s] Level 1:colcon.colcon_core.package_identification:_identify(.) by extensions ['colcon_meta']
[3.282s] Level 1:colcon.colcon_core.package_identification:_identify(.) by extension 'colcon_meta'
[3.282s] Level 1:colcon.colcon_core.package_identification:_identify(.) by extensions ['ros']
[3.282s] Level 1:colcon.colcon_core.package_identification:_identify(.) by extension 'ros'
[3.303s] Level 1:colcon.colcon_core.package_identification:_identify(.) by extensions ['cmake', 'python']
[3.303s] Level 1:colcon.colcon_core.package_identification:_identify(.) by extension 'cmake'
[3.303s] Level 1:colcon.colcon_core.package_identification:_identify(.) by extension 'python'
[3.303s] Level 1:colcon.colcon_core.package_identification:_identify(.) by extensions ['python_setup_py']
[3.303s] Level 1:colcon.colcon_core.package_identification:_identify(.) by extension 'python_setup_py'
[3.304s] Level 1:colcon.colcon_core.package_identification:_identify(build) by extensions ['ignore', 'ignore_ament_install']
[3.304s] Level 1:colcon.colcon_core.package_identification:_identify(build) by extension 'ignore'
[3.304s] Level 1:colcon.colcon_core.package_identification:_identify(build) ignored
[3.304s] Level 1:colcon.colcon_core.package_identification:_identify(install) by extensions ['ignore', 'ignore_ament_install']
[3.304s] Level 1:colcon.colcon_core.package_identification:_identify(install) by extension 'ignore'
[3.305s] Level 1:colcon.colcon_core.package_identification:_identify(install) ignored
[3.305s] Level 1:colcon.colcon_core.package_identification:_identify(log) by extensions ['ignore', 'ignore_ament_install']
[3.305s] Level 1:colcon.colcon_core.package_identification:_identify(log) by extension 'ignore'
[3.305s] Level 1:colcon.colcon_core.package_identification:_identify(log) ignored
[3.305s] Level 1:colcon.colcon_core.package_identification:_identify(src) by extensions ['ignore', 'ignore_ament_install']
[3.305s] Level 1:colcon.colcon_core.package_identification:_identify(src) by extension 'ignore'
[3.305s] Level 1:colcon.colcon_core.package_identification:_identify(src) by extension 'ignore_ament_install'
[3.306s] Level 1:colcon.colcon_core.package_identification:_identify(src) by extensions ['colcon_pkg']
[3.306s] Level 1:colcon.colcon_core.package_identification:_identify(src) by extension 'colcon_pkg'
[3.306s] Level 1:colcon.colcon_core.package_identification:_identify(src) by extensions ['colcon_meta']
[3.306s] Level 1:colcon.colcon_core.package_identification:_identify(src) by extension 'colcon_meta'
[3.306s] Level 1:colcon.colcon_core.package_identification:_identify(src) by extensions ['ros']
[3.306s] Level 1:colcon.colcon_core.package_identification:_identify(src) by extension 'ros'
[3.306s] Level 1:colcon.colcon_core.package_identification:_identify(src) by extensions ['cmake', 'python']
[3.306s] Level 1:colcon.colcon_core.package_identification:_identify(src) by extension 'cmake'
[3.306s] Level 1:colcon.colcon_core.package_identification:_identify(src) by extension 'python'
[3.306s] Level 1:colcon.colcon_core.package_identification:_identify(src) by extensions ['python_setup_py']
[3.306s] Level 1:colcon.colcon_core.package_identification:_identify(src) by extension 'python_setup_py'
[3.307s] Level 1:colcon.colcon_core.package_discovery:discover_packages(recursive) using defaults
[3.307s] Level 1:colcon.colcon_core.package_discovery:discover_packages(ignore) discover
[3.307s] Level 1:colcon.colcon_core.package_discovery:discover_packages(ignore) using defaults
[3.307s] Level 1:colcon.colcon_core.package_discovery:discover_packages(path) discover
[3.307s] Level 1:colcon.colcon_core.package_discovery:discover_packages(path) using defaults
[3.595s] Level 1:colcon.colcon_core.package_discovery:discover_packages(prefix_path) check parameters
[3.595s] Level 1:colcon.colcon_core.package_discovery:discover_packages(prefix_path) discover
[3.674s] Level 1:colcon.colcon_core.package_discovery:discover_packages(prefix_path) using defaults
[3.779s] INFO:colcon.colcon_core.executor:Executing jobs using 'parallel' executor
[3.833s] DEBUG:colcon.colcon_parallel_executor.executor.parallel:run_until_complete
[3.833s] DEBUG:colcon.colcon_parallel_executor.executor.parallel:closing loop
[3.833s] DEBUG:colcon.colcon_parallel_executor.executor.parallel:loop closed
[3.834s] DEBUG:colcon.colcon_parallel_executor.executor.parallel:run_until_complete finished with '0'
[3.834s] DEBUG:colcon.colcon_core.event_reactor:joining thread
[3.895s] INFO:colcon.colcon_core.plugin_system:Skipping extension 'colcon_notification.desktop_notification.terminal_notifier': Not used on non-Darwin systems
[3.895s] INFO:colcon.colcon_core.plugin_system:Skipping extension 'colcon_notification.desktop_notification.win32': Not used on non-Windows systems
[3.895s] INFO:colcon.colcon_notification.desktop_notification:Sending desktop notification using 'notify2'
[3.931s] DEBUG:colcon.colcon_core.event_reactor:joined thread
[3.990s] INFO:colcon.colcon_core.plugin_system:Skipping extension 'colcon_core.shell.bat': Not used on non-Windows systems
[3.991s] INFO:colcon.colcon_core.shell:Creating prefix script '/home/aros/ForaBotResearch/ros2_foxy_workspace/install/local_setup.ps1'
[3.993s] INFO:colcon.colcon_core.shell:Creating prefix util module '/home/aros/ForaBotResearch/ros2_foxy_workspace/install/_local_setup_util_ps1.py'
[3.995s] INFO:colcon.colcon_core.shell:Creating prefix chain script '/home/aros/ForaBotResearch/ros2_foxy_workspace/install/setup.ps1'
[4.050s] INFO:colcon.colcon_core.shell:Creating prefix script '/home/aros/ForaBotResearch/ros2_foxy_workspace/install/local_setup.sh'
[4.051s] INFO:colcon.colcon_core.shell:Creating prefix util module '/home/aros/ForaBotResearch/ros2_foxy_workspace/install/_local_setup_util_sh.py'
[4.052s] INFO:colcon.colcon_core.shell:Creating prefix chain script '/home/aros/ForaBotResearch/ros2_foxy_workspace/install/setup.sh'
[4.107s] INFO:colcon.colcon_core.shell:Creating prefix script '/home/aros/ForaBotResearch/ros2_foxy_workspace/install/local_setup.bash'
[4.108s] INFO:colcon.colcon_core.shell:Creating prefix chain script '/home/aros/ForaBotResearch/ros2_foxy_workspace/install/setup.bash'
[4.161s] INFO:colcon.colcon_core.shell:Creating prefix script '/home/aros/ForaBotResearch/ros2_foxy_workspace/install/local_setup.zsh'
[4.162s] INFO:colcon.colcon_core.shell:Creating prefix chain script '/home/aros/ForaBotResearch/ros2_foxy_workspace/install/setup.zsh'
