[4.422s] DEBUG:colcon:Command line arguments: ['/usr/bin/colcon', 'build', '--packages-select', 'my_webcam_package']
[4.422s] DEBUG:colcon:Parsed command line arguments: Namespace(allow_overriding=[], ament_cmake_args=None, base_paths=['.'], build_base='build', catkin_cmake_args=None, catkin_skip_building_tests=False, cmake_args=None, cmake_clean_cache=False, cmake_clean_first=False, cmake_force_configure=False, cmake_target=None, cmake_target_skip_unavailable=False, continue_on_error=False, event_handlers=None, executor='parallel', ignore_user_meta=False, install_base='install', log_base=None, log_level=None, main=<bound method BuildVerb.main of <colcon_core.verb.build.BuildVerb object at 0xffff890275e0>>, merge_install=False, metas=['./colcon.meta'], packages_above=None, packages_above_and_dependencies=None, packages_above_depth=None, packages_end=None, packages_ignore=None, packages_ignore_regex=None, packages_select=['my_webcam_package'], packages_select_build_failed=False, packages_select_by_dep=None, packages_select_regex=None, packages_select_test_failures=False, packages_skip=None, packages_skip_build_finished=False, packages_skip_by_dep=None, packages_skip_regex=None, packages_skip_test_passed=False, packages_skip_up_to=None, packages_start=None, packages_up_to=None, packages_up_to_regex=None, parallel_workers=6, paths=None, symlink_install=False, test_result_base=None, verb_extension=<colcon_core.verb.build.BuildVerb object at 0xffff890275e0>, verb_name='build', verb_parser=<colcon_defaults.argument_parser.defaults.DefaultArgumentsDecorator object at 0xffff88c445b0>)
[4.616s] Level 1:colcon.colcon_core.package_discovery:discover_packages(colcon_meta) check parameters
[4.617s] Level 1:colcon.colcon_core.package_discovery:discover_packages(recursive) check parameters
[4.617s] Level 1:colcon.colcon_core.package_discovery:discover_packages(ignore) check parameters
[4.617s] Level 1:colcon.colcon_core.package_discovery:discover_packages(path) check parameters
[4.617s] Level 1:colcon.colcon_core.package_discovery:discover_packages(colcon_meta) discover
[4.617s] Level 1:colcon.colcon_core.package_discovery:discover_packages(recursive) discover
[4.617s] INFO:colcon.colcon_core.package_discovery:Crawling recursively for packages in '/home/aros/ForaBotResearch/ros2_foxy_workspace'
[4.617s] Level 1:colcon.colcon_core.package_identification:_identify(.) by extensions ['ignore', 'ignore_ament_install']
[4.618s] Level 1:colcon.colcon_core.package_identification:_identify(.) by extension 'ignore'
[4.618s] Level 1:colcon.colcon_core.package_identification:_identify(.) by extension 'ignore_ament_install'
[4.618s] Level 1:colcon.colcon_core.package_identification:_identify(.) by extensions ['colcon_pkg']
[4.618s] Level 1:colcon.colcon_core.package_identification:_identify(.) by extension 'colcon_pkg'
[4.618s] Level 1:colcon.colcon_core.package_identification:_identify(.) by extensions ['colcon_meta']
[4.618s] Level 1:colcon.colcon_core.package_identification:_identify(.) by extension 'colcon_meta'
[4.618s] Level 1:colcon.colcon_core.package_identification:_identify(.) by extensions ['ros']
[4.618s] Level 1:colcon.colcon_core.package_identification:_identify(.) by extension 'ros'
[4.641s] Level 1:colcon.colcon_core.package_identification:_identify(.) by extensions ['cmake', 'python']
[4.642s] Level 1:colcon.colcon_core.package_identification:_identify(.) by extension 'cmake'
[4.642s] Level 1:colcon.colcon_core.package_identification:_identify(.) by extension 'python'
[4.642s] Level 1:colcon.colcon_core.package_identification:_identify(.) by extensions ['python_setup_py']
[4.642s] Level 1:colcon.colcon_core.package_identification:_identify(.) by extension 'python_setup_py'
[4.642s] Level 1:colcon.colcon_core.package_identification:_identify(build) by extensions ['ignore', 'ignore_ament_install']
[4.642s] Level 1:colcon.colcon_core.package_identification:_identify(build) by extension 'ignore'
[4.643s] Level 1:colcon.colcon_core.package_identification:_identify(build) ignored
[4.643s] Level 1:colcon.colcon_core.package_identification:_identify(install) by extensions ['ignore', 'ignore_ament_install']
[4.643s] Level 1:colcon.colcon_core.package_identification:_identify(install) by extension 'ignore'
[4.643s] Level 1:colcon.colcon_core.package_identification:_identify(install) ignored
[4.643s] Level 1:colcon.colcon_core.package_identification:_identify(log) by extensions ['ignore', 'ignore_ament_install']
[4.644s] Level 1:colcon.colcon_core.package_identification:_identify(log) by extension 'ignore'
[4.644s] Level 1:colcon.colcon_core.package_identification:_identify(log) ignored
[4.644s] Level 1:colcon.colcon_core.package_identification:_identify(src) by extensions ['ignore', 'ignore_ament_install']
[4.644s] Level 1:colcon.colcon_core.package_identification:_identify(src) by extension 'ignore'
[4.644s] Level 1:colcon.colcon_core.package_identification:_identify(src) by extension 'ignore_ament_install'
[4.644s] Level 1:colcon.colcon_core.package_identification:_identify(src) by extensions ['colcon_pkg']
[4.644s] Level 1:colcon.colcon_core.package_identification:_identify(src) by extension 'colcon_pkg'
[4.644s] Level 1:colcon.colcon_core.package_identification:_identify(src) by extensions ['colcon_meta']
[4.644s] Level 1:colcon.colcon_core.package_identification:_identify(src) by extension 'colcon_meta'
[4.645s] Level 1:colcon.colcon_core.package_identification:_identify(src) by extensions ['ros']
[4.645s] Level 1:colcon.colcon_core.package_identification:_identify(src) by extension 'ros'
[4.645s] Level 1:colcon.colcon_core.package_identification:_identify(src) by extensions ['cmake', 'python']
[4.645s] Level 1:colcon.colcon_core.package_identification:_identify(src) by extension 'cmake'
[4.645s] Level 1:colcon.colcon_core.package_identification:_identify(src) by extension 'python'
[4.645s] Level 1:colcon.colcon_core.package_identification:_identify(src) by extensions ['python_setup_py']
[4.645s] Level 1:colcon.colcon_core.package_identification:_identify(src) by extension 'python_setup_py'
[4.645s] Level 1:colcon.colcon_core.package_identification:_identify(src/my_webcam_package) by extensions ['ignore', 'ignore_ament_install']
[4.646s] Level 1:colcon.colcon_core.package_identification:_identify(src/my_webcam_package) by extension 'ignore'
[4.646s] Level 1:colcon.colcon_core.package_identification:_identify(src/my_webcam_package) by extension 'ignore_ament_install'
[4.646s] Level 1:colcon.colcon_core.package_identification:_identify(src/my_webcam_package) by extensions ['colcon_pkg']
[4.646s] Level 1:colcon.colcon_core.package_identification:_identify(src/my_webcam_package) by extension 'colcon_pkg'
[4.646s] Level 1:colcon.colcon_core.package_identification:_identify(src/my_webcam_package) by extensions ['colcon_meta']
[4.646s] Level 1:colcon.colcon_core.package_identification:_identify(src/my_webcam_package) by extension 'colcon_meta'
[4.646s] Level 1:colcon.colcon_core.package_identification:_identify(src/my_webcam_package) by extensions ['ros']
[4.646s] Level 1:colcon.colcon_core.package_identification:_identify(src/my_webcam_package) by extension 'ros'
[4.652s] DEBUG:colcon.colcon_core.package_identification:Package 'src/my_webcam_package' with type 'ros.ament_python' and name 'my_webcam_package'
[4.652s] Level 1:colcon.colcon_core.package_discovery:discover_packages(recursive) using defaults
[4.652s] Level 1:colcon.colcon_core.package_discovery:discover_packages(ignore) discover
[4.652s] Level 1:colcon.colcon_core.package_discovery:discover_packages(ignore) using defaults
[4.652s] Level 1:colcon.colcon_core.package_discovery:discover_packages(path) discover
[4.652s] Level 1:colcon.colcon_core.package_discovery:discover_packages(path) using defaults
[5.079s] Level 1:colcon.colcon_core.package_discovery:discover_packages(prefix_path) check parameters
[5.079s] Level 1:colcon.colcon_core.package_discovery:discover_packages(prefix_path) discover
[5.226s] DEBUG:colcon.colcon_installed_package_information.package_discovery:Found 0 installed packages in /home/aros/ForaBotResearch/ros2_foxy_workspace/install
[5.300s] DEBUG:colcon.colcon_installed_package_information.package_discovery:Found 256 installed packages in /opt/ros/foxy
[5.302s] Level 1:colcon.colcon_core.package_discovery:discover_packages(prefix_path) using defaults
[5.582s] Level 5:colcon.colcon_core.verb:set package 'my_webcam_package' build argument 'cmake_args' from command line to 'None'
[5.583s] Level 5:colcon.colcon_core.verb:set package 'my_webcam_package' build argument 'cmake_target' from command line to 'None'
[5.583s] Level 5:colcon.colcon_core.verb:set package 'my_webcam_package' build argument 'cmake_target_skip_unavailable' from command line to 'False'
[5.583s] Level 5:colcon.colcon_core.verb:set package 'my_webcam_package' build argument 'cmake_clean_cache' from command line to 'False'
[5.583s] Level 5:colcon.colcon_core.verb:set package 'my_webcam_package' build argument 'cmake_clean_first' from command line to 'False'
[5.583s] Level 5:colcon.colcon_core.verb:set package 'my_webcam_package' build argument 'cmake_force_configure' from command line to 'False'
[5.583s] Level 5:colcon.colcon_core.verb:set package 'my_webcam_package' build argument 'ament_cmake_args' from command line to 'None'
[5.583s] Level 5:colcon.colcon_core.verb:set package 'my_webcam_package' build argument 'catkin_cmake_args' from command line to 'None'
[5.583s] Level 5:colcon.colcon_core.verb:set package 'my_webcam_package' build argument 'catkin_skip_building_tests' from command line to 'False'
[5.583s] DEBUG:colcon.colcon_core.verb:Building package 'my_webcam_package' with the following arguments: {'ament_cmake_args': None, 'build_base': '/home/aros/ForaBotResearch/ros2_foxy_workspace/build/my_webcam_package', 'catkin_cmake_args': None, 'catkin_skip_building_tests': False, 'cmake_args': None, 'cmake_clean_cache': False, 'cmake_clean_first': False, 'cmake_force_configure': False, 'cmake_target': None, 'cmake_target_skip_unavailable': False, 'install_base': '/home/aros/ForaBotResearch/ros2_foxy_workspace/install/my_webcam_package', 'merge_install': False, 'path': '/home/aros/ForaBotResearch/ros2_foxy_workspace/src/my_webcam_package', 'symlink_install': False, 'test_result_base': None}
[5.655s] INFO:colcon.colcon_core.executor:Executing jobs using 'parallel' executor
[5.729s] DEBUG:colcon.colcon_parallel_executor.executor.parallel:run_until_complete
[5.730s] INFO:colcon.colcon_ros.task.ament_python.build:Building ROS package in '/home/aros/ForaBotResearch/ros2_foxy_workspace/src/my_webcam_package' with build type 'ament_python'
[5.730s] Level 1:colcon.colcon_core.shell:create_environment_hook('my_webcam_package', 'ament_prefix_path')
[5.808s] INFO:colcon.colcon_core.plugin_system:Skipping extension 'colcon_core.shell.bat': Not used on non-Windows systems
[5.809s] INFO:colcon.colcon_core.shell:Creating environment hook '/home/aros/ForaBotResearch/ros2_foxy_workspace/install/my_webcam_package/share/my_webcam_package/hook/ament_prefix_path.ps1'
[5.811s] INFO:colcon.colcon_core.shell:Creating environment descriptor '/home/aros/ForaBotResearch/ros2_foxy_workspace/install/my_webcam_package/share/my_webcam_package/hook/ament_prefix_path.dsv'
[5.811s] INFO:colcon.colcon_core.shell:Creating environment hook '/home/aros/ForaBotResearch/ros2_foxy_workspace/install/my_webcam_package/share/my_webcam_package/hook/ament_prefix_path.sh'
[5.888s] INFO:colcon.colcon_core.shell:Skip shell extension 'powershell' for command environment: Not usable outside of PowerShell
[5.888s] DEBUG:colcon.colcon_core.shell:Skip shell extension 'dsv' for command environment
[6.610s] INFO:colcon.colcon_core.task.python.build:Building Python package in '/home/aros/ForaBotResearch/ros2_foxy_workspace/src/my_webcam_package'
[6.686s] INFO:colcon.colcon_core.shell:Skip shell extension 'powershell' for command environment: Not usable outside of PowerShell
[6.686s] DEBUG:colcon.colcon_core.shell:Skip shell extension 'dsv' for command environment
[7.735s] DEBUG:colcon.colcon_core.event_handler.log_command:Invoking command in '/home/aros/ForaBotResearch/ros2_foxy_workspace/src/my_webcam_package': PYTHONPATH=/home/aros/ForaBotResearch/ros2_foxy_workspace/build/my_webcam_package/prefix_override:/home/aros/ForaBotResearch/ros2_foxy_workspace/install/my_webcam_package/lib/python3.8/site-packages:${PYTHONPATH} /usr/bin/python3 setup.py egg_info --egg-base ../../build/my_webcam_package build --build-base /home/aros/ForaBotResearch/ros2_foxy_workspace/build/my_webcam_package/build install --record /home/aros/ForaBotResearch/ros2_foxy_workspace/build/my_webcam_package/install.log --install-scripts $base/lib/my_webcam_package --single-version-externally-managed
[8.326s] DEBUG:colcon.colcon_core.event_handler.log_command:Invoked command in '/home/aros/ForaBotResearch/ros2_foxy_workspace/src/my_webcam_package' returned '0': PYTHONPATH=/home/aros/ForaBotResearch/ros2_foxy_workspace/build/my_webcam_package/prefix_override:/home/aros/ForaBotResearch/ros2_foxy_workspace/install/my_webcam_package/lib/python3.8/site-packages:${PYTHONPATH} /usr/bin/python3 setup.py egg_info --egg-base ../../build/my_webcam_package build --build-base /home/aros/ForaBotResearch/ros2_foxy_workspace/build/my_webcam_package/build install --record /home/aros/ForaBotResearch/ros2_foxy_workspace/build/my_webcam_package/install.log --install-scripts $base/lib/my_webcam_package --single-version-externally-managed
[8.422s] Level 1:colcon.colcon_core.environment:checking '/home/aros/ForaBotResearch/ros2_foxy_workspace/install/my_webcam_package' for CMake module files
[8.423s] Level 1:colcon.colcon_core.environment:checking '/home/aros/ForaBotResearch/ros2_foxy_workspace/install/my_webcam_package' for CMake config files
[8.424s] Level 1:colcon.colcon_core.environment:checking '/home/aros/ForaBotResearch/ros2_foxy_workspace/install/my_webcam_package/lib'
[8.425s] Level 1:colcon.colcon_core.environment:checking '/home/aros/ForaBotResearch/ros2_foxy_workspace/install/my_webcam_package/bin'
[8.425s] Level 1:colcon.colcon_core.environment:checking '/home/aros/ForaBotResearch/ros2_foxy_workspace/install/my_webcam_package/lib/pkgconfig/my_webcam_package.pc'
[8.425s] Level 1:colcon.colcon_core.environment:checking '/home/aros/ForaBotResearch/ros2_foxy_workspace/install/my_webcam_package/lib/python3.8/site-packages'
[8.425s] Level 1:colcon.colcon_core.shell:create_environment_hook('my_webcam_package', 'pythonpath')
[8.501s] INFO:colcon.colcon_core.shell:Creating environment hook '/home/aros/ForaBotResearch/ros2_foxy_workspace/install/my_webcam_package/share/my_webcam_package/hook/pythonpath.ps1'
[8.502s] INFO:colcon.colcon_core.shell:Creating environment descriptor '/home/aros/ForaBotResearch/ros2_foxy_workspace/install/my_webcam_package/share/my_webcam_package/hook/pythonpath.dsv'
[8.503s] INFO:colcon.colcon_core.shell:Creating environment hook '/home/aros/ForaBotResearch/ros2_foxy_workspace/install/my_webcam_package/share/my_webcam_package/hook/pythonpath.sh'
[8.504s] Level 1:colcon.colcon_core.environment:checking '/home/aros/ForaBotResearch/ros2_foxy_workspace/install/my_webcam_package/bin'
[8.504s] Level 1:colcon.colcon_core.environment:create_environment_scripts_only(my_webcam_package)
[8.578s] INFO:colcon.colcon_core.shell:Creating package script '/home/aros/ForaBotResearch/ros2_foxy_workspace/install/my_webcam_package/share/my_webcam_package/package.ps1'
[8.579s] INFO:colcon.colcon_core.shell:Creating package descriptor '/home/aros/ForaBotResearch/ros2_foxy_workspace/install/my_webcam_package/share/my_webcam_package/package.dsv'
[8.580s] INFO:colcon.colcon_core.shell:Creating package script '/home/aros/ForaBotResearch/ros2_foxy_workspace/install/my_webcam_package/share/my_webcam_package/package.sh'
[8.582s] INFO:colcon.colcon_core.shell:Creating package script '/home/aros/ForaBotResearch/ros2_foxy_workspace/install/my_webcam_package/share/my_webcam_package/package.bash'
[8.583s] INFO:colcon.colcon_core.shell:Creating package script '/home/aros/ForaBotResearch/ros2_foxy_workspace/install/my_webcam_package/share/my_webcam_package/package.zsh'
[8.584s] Level 1:colcon.colcon_core.environment:create_file_with_runtime_dependencies(/home/aros/ForaBotResearch/ros2_foxy_workspace/install/my_webcam_package/share/colcon-core/packages/my_webcam_package)
[8.585s] DEBUG:colcon.colcon_parallel_executor.executor.parallel:closing loop
[8.586s] DEBUG:colcon.colcon_parallel_executor.executor.parallel:loop closed
[8.586s] DEBUG:colcon.colcon_parallel_executor.executor.parallel:run_until_complete finished with '0'
[8.586s] DEBUG:colcon.colcon_core.event_reactor:joining thread
[8.677s] INFO:colcon.colcon_core.plugin_system:Skipping extension 'colcon_notification.desktop_notification.terminal_notifier': Not used on non-Darwin systems
[8.677s] INFO:colcon.colcon_core.plugin_system:Skipping extension 'colcon_notification.desktop_notification.win32': Not used on non-Windows systems
[8.678s] INFO:colcon.colcon_notification.desktop_notification:Sending desktop notification using 'notify2'
[8.713s] DEBUG:colcon.colcon_core.event_reactor:joined thread
[8.789s] INFO:colcon.colcon_core.shell:Creating prefix script '/home/aros/ForaBotResearch/ros2_foxy_workspace/install/local_setup.ps1'
[8.791s] INFO:colcon.colcon_core.shell:Creating prefix util module '/home/aros/ForaBotResearch/ros2_foxy_workspace/install/_local_setup_util_ps1.py'
[8.793s] INFO:colcon.colcon_core.shell:Creating prefix chain script '/home/aros/ForaBotResearch/ros2_foxy_workspace/install/setup.ps1'
[8.869s] INFO:colcon.colcon_core.shell:Creating prefix script '/home/aros/ForaBotResearch/ros2_foxy_workspace/install/local_setup.sh'
[8.870s] INFO:colcon.colcon_core.shell:Creating prefix util module '/home/aros/ForaBotResearch/ros2_foxy_workspace/install/_local_setup_util_sh.py'
[8.871s] INFO:colcon.colcon_core.shell:Creating prefix chain script '/home/aros/ForaBotResearch/ros2_foxy_workspace/install/setup.sh'
[8.948s] INFO:colcon.colcon_core.shell:Creating prefix script '/home/aros/ForaBotResearch/ros2_foxy_workspace/install/local_setup.bash'
[8.949s] INFO:colcon.colcon_core.shell:Creating prefix chain script '/home/aros/ForaBotResearch/ros2_foxy_workspace/install/setup.bash'
[9.024s] INFO:colcon.colcon_core.shell:Creating prefix script '/home/aros/ForaBotResearch/ros2_foxy_workspace/install/local_setup.zsh'
[9.025s] INFO:colcon.colcon_core.shell:Creating prefix chain script '/home/aros/ForaBotResearch/ros2_foxy_workspace/install/setup.zsh'
