[2.058s] Invoking command in '/home/aros/ForaBotResearch/ros2_foxy_workspace/src/csi_camera_pkg': PYTHONPATH=/home/aros/ForaBotResearch/ros2_foxy_workspace/build/csi_camera_pkg/prefix_override:/home/aros/ForaBotResearch/ros2_foxy_workspace/install/csi_camera_pkg/lib/python3.8/site-packages:${PYTHONPATH} /usr/bin/python3 setup.py egg_info --egg-base ../../build/csi_camera_pkg build --build-base /home/aros/ForaBotResearch/ros2_foxy_workspace/build/csi_camera_pkg/build install --record /home/aros/ForaBotResearch/ros2_foxy_workspace/build/csi_camera_pkg/install.log --install-scripts $base/lib/csi_camera_pkg --single-version-externally-managed
[2.542s] running egg_info
[2.544s] writing ../../build/csi_camera_pkg/csi_camera_pkg.egg-info/PKG-INFO
[2.545s] writing dependency_links to ../../build/csi_camera_pkg/csi_camera_pkg.egg-info/dependency_links.txt
[2.546s] writing entry points to ../../build/csi_camera_pkg/csi_camera_pkg.egg-info/entry_points.txt
[2.546s] writing requirements to ../../build/csi_camera_pkg/csi_camera_pkg.egg-info/requires.txt
[2.546s] writing top-level names to ../../build/csi_camera_pkg/csi_camera_pkg.egg-info/top_level.txt
[2.621s] reading manifest file '../../build/csi_camera_pkg/csi_camera_pkg.egg-info/SOURCES.txt'
[2.624s] writing manifest file '../../build/csi_camera_pkg/csi_camera_pkg.egg-info/SOURCES.txt'
[2.624s] running build
[2.624s] running build_py
[2.625s] copying csi_camera_pkg/csi_camera_node.py -> /home/aros/ForaBotResearch/ros2_foxy_workspace/build/csi_camera_pkg/build/lib/csi_camera_pkg
[2.626s] running install
[2.628s] running install_lib
[2.630s] copying /home/aros/ForaBotResearch/ros2_foxy_workspace/build/csi_camera_pkg/build/lib/csi_camera_pkg/csi_camera_node.py -> /home/aros/ForaBotResearch/ros2_foxy_workspace/install/csi_camera_pkg/lib/python3.8/site-packages/csi_camera_pkg
[2.631s] byte-compiling /home/aros/ForaBotResearch/ros2_foxy_workspace/install/csi_camera_pkg/lib/python3.8/site-packages/csi_camera_pkg/csi_camera_node.py to csi_camera_node.cpython-38.pyc
[2.634s] running install_data
[2.635s] running install_egg_info
[2.640s] removing '/home/aros/ForaBotResearch/ros2_foxy_workspace/install/csi_camera_pkg/lib/python3.8/site-packages/csi_camera_pkg-0.0.0-py3.8.egg-info' (and everything under it)
[2.641s] Copying ../../build/csi_camera_pkg/csi_camera_pkg.egg-info to /home/aros/ForaBotResearch/ros2_foxy_workspace/install/csi_camera_pkg/lib/python3.8/site-packages/csi_camera_pkg-0.0.0-py3.8.egg-info
[2.643s] running install_scripts
[2.685s] Installing csi_camera_node script to /home/aros/ForaBotResearch/ros2_foxy_workspace/install/csi_camera_pkg/lib/csi_camera_pkg
[2.686s] writing list of installed files to '/home/aros/ForaBotResearch/ros2_foxy_workspace/build/csi_camera_pkg/install.log'
[2.754s] Invoked command in '/home/aros/ForaBotResearch/ros2_foxy_workspace/src/csi_camera_pkg' returned '0': PYTHONPATH=/home/aros/ForaBotResearch/ros2_foxy_workspace/build/csi_camera_pkg/prefix_override:/home/aros/ForaBotResearch/ros2_foxy_workspace/install/csi_camera_pkg/lib/python3.8/site-packages:${PYTHONPATH} /usr/bin/python3 setup.py egg_info --egg-base ../../build/csi_camera_pkg build --build-base /home/aros/ForaBotResearch/ros2_foxy_workspace/build/csi_camera_pkg/build install --record /home/aros/ForaBotResearch/ros2_foxy_workspace/build/csi_camera_pkg/install.log --install-scripts $base/lib/csi_camera_pkg --single-version-externally-managed
