[2.004s] Invoking command in '/home/aros/ForaBotResearch/ros2_foxy_workspace/src/my_webcam_package': PYTHONPATH=/home/aros/ForaBotResearch/ros2_foxy_workspace/build/my_webcam_package/prefix_override:/home/aros/ForaBotResearch/ros2_foxy_workspace/install/my_webcam_package/lib/python3.8/site-packages:${PYTHONPATH} /usr/bin/python3 setup.py egg_info --egg-base ../../build/my_webcam_package build --build-base /home/aros/ForaBotResearch/ros2_foxy_workspace/build/my_webcam_package/build install --record /home/aros/ForaBotResearch/ros2_foxy_workspace/build/my_webcam_package/install.log --install-scripts $base/lib/my_webcam_package --single-version-externally-managed
[2.420s] running egg_info
[2.421s] creating ../../build/my_webcam_package/my_webcam_package.egg-info
[2.421s] writing ../../build/my_webcam_package/my_webcam_package.egg-info/PKG-INFO
[2.422s] writing dependency_links to ../../build/my_webcam_package/my_webcam_package.egg-info/dependency_links.txt
[2.422s] writing entry points to ../../build/my_webcam_package/my_webcam_package.egg-info/entry_points.txt
[2.422s] writing requirements to ../../build/my_webcam_package/my_webcam_package.egg-info/requires.txt
[2.422s] writing top-level names to ../../build/my_webcam_package/my_webcam_package.egg-info/top_level.txt
[2.425s] writing manifest file '../../build/my_webcam_package/my_webcam_package.egg-info/SOURCES.txt'
[2.486s] reading manifest file '../../build/my_webcam_package/my_webcam_package.egg-info/SOURCES.txt'
[2.488s] writing manifest file '../../build/my_webcam_package/my_webcam_package.egg-info/SOURCES.txt'
[2.488s] running build
[2.488s] running build_py
[2.489s] creating /home/aros/ForaBotResearch/ros2_foxy_workspace/build/my_webcam_package/build
[2.489s] creating /home/aros/ForaBotResearch/ros2_foxy_workspace/build/my_webcam_package/build/lib
[2.489s] creating /home/aros/ForaBotResearch/ros2_foxy_workspace/build/my_webcam_package/build/lib/my_webcam_package
[2.490s] copying my_webcam_package/webcam_node.py -> /home/aros/ForaBotResearch/ros2_foxy_workspace/build/my_webcam_package/build/lib/my_webcam_package
[2.490s] copying my_webcam_package/__init__.py -> /home/aros/ForaBotResearch/ros2_foxy_workspace/build/my_webcam_package/build/lib/my_webcam_package
[2.490s] running install
[2.491s] running install_lib
[2.493s] creating /home/aros/ForaBotResearch/ros2_foxy_workspace/install/my_webcam_package/lib/python3.8/site-packages/my_webcam_package
[2.493s] copying /home/aros/ForaBotResearch/ros2_foxy_workspace/build/my_webcam_package/build/lib/my_webcam_package/webcam_node.py -> /home/aros/ForaBotResearch/ros2_foxy_workspace/install/my_webcam_package/lib/python3.8/site-packages/my_webcam_package
[2.493s] copying /home/aros/ForaBotResearch/ros2_foxy_workspace/build/my_webcam_package/build/lib/my_webcam_package/__init__.py -> /home/aros/ForaBotResearch/ros2_foxy_workspace/install/my_webcam_package/lib/python3.8/site-packages/my_webcam_package
[2.494s] byte-compiling /home/aros/ForaBotResearch/ros2_foxy_workspace/install/my_webcam_package/lib/python3.8/site-packages/my_webcam_package/webcam_node.py to webcam_node.cpython-38.pyc
[2.497s] byte-compiling /home/aros/ForaBotResearch/ros2_foxy_workspace/install/my_webcam_package/lib/python3.8/site-packages/my_webcam_package/__init__.py to __init__.cpython-38.pyc
[2.497s] running install_data
[2.498s] creating /home/aros/ForaBotResearch/ros2_foxy_workspace/install/my_webcam_package/share/ament_index
[2.498s] creating /home/aros/ForaBotResearch/ros2_foxy_workspace/install/my_webcam_package/share/ament_index/resource_index
[2.498s] creating /home/aros/ForaBotResearch/ros2_foxy_workspace/install/my_webcam_package/share/ament_index/resource_index/packages
[2.499s] copying resource/my_webcam_package -> /home/aros/ForaBotResearch/ros2_foxy_workspace/install/my_webcam_package/share/ament_index/resource_index/packages
[2.499s] copying package.xml -> /home/aros/ForaBotResearch/ros2_foxy_workspace/install/my_webcam_package/share/my_webcam_package
[2.499s] running install_egg_info
[2.502s] Copying ../../build/my_webcam_package/my_webcam_package.egg-info to /home/aros/ForaBotResearch/ros2_foxy_workspace/install/my_webcam_package/lib/python3.8/site-packages/my_webcam_package-0.0.0-py3.8.egg-info
[2.504s] running install_scripts
[2.538s] Installing webcam_node script to /home/aros/ForaBotResearch/ros2_foxy_workspace/install/my_webcam_package/lib/my_webcam_package
[2.539s] writing list of installed files to '/home/aros/ForaBotResearch/ros2_foxy_workspace/build/my_webcam_package/install.log'
[2.595s] Invoked command in '/home/aros/ForaBotResearch/ros2_foxy_workspace/src/my_webcam_package' returned '0': PYTHONPATH=/home/aros/ForaBotResearch/ros2_foxy_workspace/build/my_webcam_package/prefix_override:/home/aros/ForaBotResearch/ros2_foxy_workspace/install/my_webcam_package/lib/python3.8/site-packages:${PYTHONPATH} /usr/bin/python3 setup.py egg_info --egg-base ../../build/my_webcam_package build --build-base /home/aros/ForaBotResearch/ros2_foxy_workspace/build/my_webcam_package/build install --record /home/aros/ForaBotResearch/ros2_foxy_workspace/build/my_webcam_package/install.log --install-scripts $base/lib/my_webcam_package --single-version-externally-managed
