running egg_info
writing ../../build/csi_camera_pkg/csi_camera_pkg.egg-info/PKG-INFO
writing dependency_links to ../../build/csi_camera_pkg/csi_camera_pkg.egg-info/dependency_links.txt
writing entry points to ../../build/csi_camera_pkg/csi_camera_pkg.egg-info/entry_points.txt
writing requirements to ../../build/csi_camera_pkg/csi_camera_pkg.egg-info/requires.txt
writing top-level names to ../../build/csi_camera_pkg/csi_camera_pkg.egg-info/top_level.txt
reading manifest file '../../build/csi_camera_pkg/csi_camera_pkg.egg-info/SOURCES.txt'
writing manifest file '../../build/csi_camera_pkg/csi_camera_pkg.egg-info/SOURCES.txt'
running build
running build_py
copying csi_camera_pkg/csi_camera_node.py -> /home/aros/ForaBotResearch/ros2_foxy_workspace/build/csi_camera_pkg/build/lib/csi_camera_pkg
running install
running install_lib
copying /home/aros/ForaBotResearch/ros2_foxy_workspace/build/csi_camera_pkg/build/lib/csi_camera_pkg/csi_camera_node.py -> /home/aros/ForaBotResearch/ros2_foxy_workspace/install/csi_camera_pkg/lib/python3.8/site-packages/csi_camera_pkg
byte-compiling /home/aros/ForaBotResearch/ros2_foxy_workspace/install/csi_camera_pkg/lib/python3.8/site-packages/csi_camera_pkg/csi_camera_node.py to csi_camera_node.cpython-38.pyc
running install_data
running install_egg_info
removing '/home/aros/ForaBotResearch/ros2_foxy_workspace/install/csi_camera_pkg/lib/python3.8/site-packages/csi_camera_pkg-0.0.0-py3.8.egg-info' (and everything under it)
Copying ../../build/csi_camera_pkg/csi_camera_pkg.egg-info to /home/aros/ForaBotResearch/ros2_foxy_workspace/install/csi_camera_pkg/lib/python3.8/site-packages/csi_camera_pkg-0.0.0-py3.8.egg-info
running install_scripts
Installing csi_camera_node script to /home/aros/ForaBotResearch/ros2_foxy_workspace/install/csi_camera_pkg/lib/csi_camera_pkg
writing list of installed files to '/home/aros/ForaBotResearch/ros2_foxy_workspace/build/csi_camera_pkg/install.log'
