[2.036s] Invoking command in '/home/aros/ForaBotResearch/ros2_foxy_workspace/src/csi_camera_pkg': PYTHONPATH=/home/aros/ForaBotResearch/ros2_foxy_workspace/build/csi_camera_pkg/prefix_override:/home/aros/ForaBotResearch/ros2_foxy_workspace/install/csi_camera_pkg/lib/python3.8/site-packages:${PYTHONPATH} /usr/bin/python3 setup.py egg_info --egg-base ../../build/csi_camera_pkg build --build-base /home/aros/ForaBotResearch/ros2_foxy_workspace/build/csi_camera_pkg/build install --record /home/aros/ForaBotResearch/ros2_foxy_workspace/build/csi_camera_pkg/install.log --install-scripts $base/lib/csi_camera_pkg --single-version-externally-managed
[2.468s] running egg_info
[2.469s] creating ../../build/csi_camera_pkg/csi_camera_pkg.egg-info
[2.469s] writing ../../build/csi_camera_pkg/csi_camera_pkg.egg-info/PKG-INFO
[2.470s] writing dependency_links to ../../build/csi_camera_pkg/csi_camera_pkg.egg-info/dependency_links.txt
[2.470s] writing entry points to ../../build/csi_camera_pkg/csi_camera_pkg.egg-info/entry_points.txt
[2.470s] writing requirements to ../../build/csi_camera_pkg/csi_camera_pkg.egg-info/requires.txt
[2.471s] writing top-level names to ../../build/csi_camera_pkg/csi_camera_pkg.egg-info/top_level.txt
[2.474s] writing manifest file '../../build/csi_camera_pkg/csi_camera_pkg.egg-info/SOURCES.txt'
[2.534s] reading manifest file '../../build/csi_camera_pkg/csi_camera_pkg.egg-info/SOURCES.txt'
[2.535s] writing manifest file '../../build/csi_camera_pkg/csi_camera_pkg.egg-info/SOURCES.txt'
[2.536s] running build
[2.536s] running build_py
[2.536s] creating /home/aros/ForaBotResearch/ros2_foxy_workspace/build/csi_camera_pkg/build
[2.537s] creating /home/aros/ForaBotResearch/ros2_foxy_workspace/build/csi_camera_pkg/build/lib
[2.537s] creating /home/aros/ForaBotResearch/ros2_foxy_workspace/build/csi_camera_pkg/build/lib/csi_camera_pkg
[2.537s] copying csi_camera_pkg/csi_camera_node.py -> /home/aros/ForaBotResearch/ros2_foxy_workspace/build/csi_camera_pkg/build/lib/csi_camera_pkg
[2.537s] copying csi_camera_pkg/__init__.py -> /home/aros/ForaBotResearch/ros2_foxy_workspace/build/csi_camera_pkg/build/lib/csi_camera_pkg
[2.538s] running install
[2.539s] running install_lib
[2.540s] creating /home/aros/ForaBotResearch/ros2_foxy_workspace/install/csi_camera_pkg/lib/python3.8/site-packages/csi_camera_pkg
[2.541s] copying /home/aros/ForaBotResearch/ros2_foxy_workspace/build/csi_camera_pkg/build/lib/csi_camera_pkg/csi_camera_node.py -> /home/aros/ForaBotResearch/ros2_foxy_workspace/install/csi_camera_pkg/lib/python3.8/site-packages/csi_camera_pkg
[2.541s] copying /home/aros/ForaBotResearch/ros2_foxy_workspace/build/csi_camera_pkg/build/lib/csi_camera_pkg/__init__.py -> /home/aros/ForaBotResearch/ros2_foxy_workspace/install/csi_camera_pkg/lib/python3.8/site-packages/csi_camera_pkg
[2.542s] byte-compiling /home/aros/ForaBotResearch/ros2_foxy_workspace/install/csi_camera_pkg/lib/python3.8/site-packages/csi_camera_pkg/csi_camera_node.py to csi_camera_node.cpython-38.pyc
[2.545s] byte-compiling /home/aros/ForaBotResearch/ros2_foxy_workspace/install/csi_camera_pkg/lib/python3.8/site-packages/csi_camera_pkg/__init__.py to __init__.cpython-38.pyc
[2.545s] running install_data
[2.546s] creating /home/aros/ForaBotResearch/ros2_foxy_workspace/install/csi_camera_pkg/share/ament_index
[2.546s] creating /home/aros/ForaBotResearch/ros2_foxy_workspace/install/csi_camera_pkg/share/ament_index/resource_index
[2.547s] creating /home/aros/ForaBotResearch/ros2_foxy_workspace/install/csi_camera_pkg/share/ament_index/resource_index/packages
[2.547s] copying resource/csi_camera_pkg -> /home/aros/ForaBotResearch/ros2_foxy_workspace/install/csi_camera_pkg/share/ament_index/resource_index/packages
[2.547s] copying package.xml -> /home/aros/ForaBotResearch/ros2_foxy_workspace/install/csi_camera_pkg/share/csi_camera_pkg
[2.547s] running install_egg_info
[2.550s] Copying ../../build/csi_camera_pkg/csi_camera_pkg.egg-info to /home/aros/ForaBotResearch/ros2_foxy_workspace/install/csi_camera_pkg/lib/python3.8/site-packages/csi_camera_pkg-0.0.0-py3.8.egg-info
[2.552s] running install_scripts
[2.585s] Installing csi_camera_node script to /home/aros/ForaBotResearch/ros2_foxy_workspace/install/csi_camera_pkg/lib/csi_camera_pkg
[2.586s] writing list of installed files to '/home/aros/ForaBotResearch/ros2_foxy_workspace/build/csi_camera_pkg/install.log'
[2.642s] Invoked command in '/home/aros/ForaBotResearch/ros2_foxy_workspace/src/csi_camera_pkg' returned '0': PYTHONPATH=/home/aros/ForaBotResearch/ros2_foxy_workspace/build/csi_camera_pkg/prefix_override:/home/aros/ForaBotResearch/ros2_foxy_workspace/install/csi_camera_pkg/lib/python3.8/site-packages:${PYTHONPATH} /usr/bin/python3 setup.py egg_info --egg-base ../../build/csi_camera_pkg build --build-base /home/aros/ForaBotResearch/ros2_foxy_workspace/build/csi_camera_pkg/build install --record /home/aros/ForaBotResearch/ros2_foxy_workspace/build/csi_camera_pkg/install.log --install-scripts $base/lib/csi_camera_pkg --single-version-externally-managed
