[4.436s] DEBUG:colcon:Command line arguments: ['/usr/bin/colcon', 'build', '--packages-select', 'csi_camera_pkg']
[4.436s] DEBUG:colcon:Parsed command line arguments: Namespace(allow_overriding=[], ament_cmake_args=None, base_paths=['.'], build_base='build', catkin_cmake_args=None, catkin_skip_building_tests=False, cmake_args=None, cmake_clean_cache=False, cmake_clean_first=False, cmake_force_configure=False, cmake_target=None, cmake_target_skip_unavailable=False, continue_on_error=False, event_handlers=None, executor='parallel', ignore_user_meta=False, install_base='install', log_base=None, log_level=None, main=<bound method BuildVerb.main of <colcon_core.verb.build.BuildVerb object at 0xffffb6700a00>>, merge_install=False, metas=['./colcon.meta'], packages_above=None, packages_above_and_dependencies=None, packages_above_depth=None, packages_end=None, packages_ignore=None, packages_ignore_regex=None, packages_select=['csi_camera_pkg'], packages_select_build_failed=False, packages_select_by_dep=None, packages_select_regex=None, packages_select_test_failures=False, packages_skip=None, packages_skip_build_finished=False, packages_skip_by_dep=None, packages_skip_regex=None, packages_skip_test_passed=False, packages_skip_up_to=None, packages_start=None, packages_up_to=None, packages_up_to_regex=None, parallel_workers=6, paths=None, symlink_install=False, test_result_base=None, verb_extension=<colcon_core.verb.build.BuildVerb object at 0xffffb6700a00>, verb_name='build', verb_parser=<colcon_defaults.argument_parser.defaults.DefaultArgumentsDecorator object at 0xffffb63780a0>)
[4.640s] Level 1:colcon.colcon_core.package_discovery:discover_packages(colcon_meta) check parameters
[4.640s] Level 1:colcon.colcon_core.package_discovery:discover_packages(recursive) check parameters
[4.640s] Level 1:colcon.colcon_core.package_discovery:discover_packages(ignore) check parameters
[4.640s] Level 1:colcon.colcon_core.package_discovery:discover_packages(path) check parameters
[4.641s] Level 1:colcon.colcon_core.package_discovery:discover_packages(colcon_meta) discover
[4.641s] Level 1:colcon.colcon_core.package_discovery:discover_packages(recursive) discover
[4.641s] INFO:colcon.colcon_core.package_discovery:Crawling recursively for packages in '/home/aros/ForaBotResearch/ros2_foxy_workspace'
[4.641s] Level 1:colcon.colcon_core.package_identification:_identify(.) by extensions ['ignore', 'ignore_ament_install']
[4.641s] Level 1:colcon.colcon_core.package_identification:_identify(.) by extension 'ignore'
[4.641s] Level 1:colcon.colcon_core.package_identification:_identify(.) by extension 'ignore_ament_install'
[4.641s] Level 1:colcon.colcon_core.package_identification:_identify(.) by extensions ['colcon_pkg']
[4.642s] Level 1:colcon.colcon_core.package_identification:_identify(.) by extension 'colcon_pkg'
[4.642s] Level 1:colcon.colcon_core.package_identification:_identify(.) by extensions ['colcon_meta']
[4.642s] Level 1:colcon.colcon_core.package_identification:_identify(.) by extension 'colcon_meta'
[4.642s] Level 1:colcon.colcon_core.package_identification:_identify(.) by extensions ['ros']
[4.642s] Level 1:colcon.colcon_core.package_identification:_identify(.) by extension 'ros'
[4.688s] Level 1:colcon.colcon_core.package_identification:_identify(.) by extensions ['cmake', 'python']
[4.688s] Level 1:colcon.colcon_core.package_identification:_identify(.) by extension 'cmake'
[4.688s] Level 1:colcon.colcon_core.package_identification:_identify(.) by extension 'python'
[4.688s] Level 1:colcon.colcon_core.package_identification:_identify(.) by extensions ['python_setup_py']
[4.688s] Level 1:colcon.colcon_core.package_identification:_identify(.) by extension 'python_setup_py'
[4.689s] Level 1:colcon.colcon_core.package_identification:_identify(build) by extensions ['ignore', 'ignore_ament_install']
[4.689s] Level 1:colcon.colcon_core.package_identification:_identify(build) by extension 'ignore'
[4.689s] Level 1:colcon.colcon_core.package_identification:_identify(build) ignored
[4.689s] Level 1:colcon.colcon_core.package_identification:_identify(install) by extensions ['ignore', 'ignore_ament_install']
[4.689s] Level 1:colcon.colcon_core.package_identification:_identify(install) by extension 'ignore'
[4.690s] Level 1:colcon.colcon_core.package_identification:_identify(install) ignored
[4.690s] Level 1:colcon.colcon_core.package_identification:_identify(log) by extensions ['ignore', 'ignore_ament_install']
[4.690s] Level 1:colcon.colcon_core.package_identification:_identify(log) by extension 'ignore'
[4.690s] Level 1:colcon.colcon_core.package_identification:_identify(log) ignored
[4.690s] Level 1:colcon.colcon_core.package_identification:_identify(src) by extensions ['ignore', 'ignore_ament_install']
[4.690s] Level 1:colcon.colcon_core.package_identification:_identify(src) by extension 'ignore'
[4.691s] Level 1:colcon.colcon_core.package_identification:_identify(src) by extension 'ignore_ament_install'
[4.691s] Level 1:colcon.colcon_core.package_identification:_identify(src) by extensions ['colcon_pkg']
[4.691s] Level 1:colcon.colcon_core.package_identification:_identify(src) by extension 'colcon_pkg'
[4.691s] Level 1:colcon.colcon_core.package_identification:_identify(src) by extensions ['colcon_meta']
[4.691s] Level 1:colcon.colcon_core.package_identification:_identify(src) by extension 'colcon_meta'
[4.691s] Level 1:colcon.colcon_core.package_identification:_identify(src) by extensions ['ros']
[4.691s] Level 1:colcon.colcon_core.package_identification:_identify(src) by extension 'ros'
[4.691s] Level 1:colcon.colcon_core.package_identification:_identify(src) by extensions ['cmake', 'python']
[4.691s] Level 1:colcon.colcon_core.package_identification:_identify(src) by extension 'cmake'
[4.692s] Level 1:colcon.colcon_core.package_identification:_identify(src) by extension 'python'
[4.692s] Level 1:colcon.colcon_core.package_identification:_identify(src) by extensions ['python_setup_py']
[4.692s] Level 1:colcon.colcon_core.package_identification:_identify(src) by extension 'python_setup_py'
[4.692s] Level 1:colcon.colcon_core.package_identification:_identify(src/csi_camera_pkg) by extensions ['ignore', 'ignore_ament_install']
[4.692s] Level 1:colcon.colcon_core.package_identification:_identify(src/csi_camera_pkg) by extension 'ignore'
[4.692s] Level 1:colcon.colcon_core.package_identification:_identify(src/csi_camera_pkg) by extension 'ignore_ament_install'
[4.692s] Level 1:colcon.colcon_core.package_identification:_identify(src/csi_camera_pkg) by extensions ['colcon_pkg']
[4.692s] Level 1:colcon.colcon_core.package_identification:_identify(src/csi_camera_pkg) by extension 'colcon_pkg'
[4.693s] Level 1:colcon.colcon_core.package_identification:_identify(src/csi_camera_pkg) by extensions ['colcon_meta']
[4.693s] Level 1:colcon.colcon_core.package_identification:_identify(src/csi_camera_pkg) by extension 'colcon_meta'
[4.693s] Level 1:colcon.colcon_core.package_identification:_identify(src/csi_camera_pkg) by extensions ['ros']
[4.693s] Level 1:colcon.colcon_core.package_identification:_identify(src/csi_camera_pkg) by extension 'ros'
[4.699s] DEBUG:colcon.colcon_core.package_identification:Package 'src/csi_camera_pkg' with type 'ros.ament_python' and name 'csi_camera_pkg'
[4.699s] Level 1:colcon.colcon_core.package_identification:_identify(src/my_webcam_package) by extensions ['ignore', 'ignore_ament_install']
[4.700s] Level 1:colcon.colcon_core.package_identification:_identify(src/my_webcam_package) by extension 'ignore'
[4.700s] Level 1:colcon.colcon_core.package_identification:_identify(src/my_webcam_package) by extension 'ignore_ament_install'
[4.700s] Level 1:colcon.colcon_core.package_identification:_identify(src/my_webcam_package) by extensions ['colcon_pkg']
[4.700s] Level 1:colcon.colcon_core.package_identification:_identify(src/my_webcam_package) by extension 'colcon_pkg'
[4.700s] Level 1:colcon.colcon_core.package_identification:_identify(src/my_webcam_package) by extensions ['colcon_meta']
[4.700s] Level 1:colcon.colcon_core.package_identification:_identify(src/my_webcam_package) by extension 'colcon_meta'
[4.700s] Level 1:colcon.colcon_core.package_identification:_identify(src/my_webcam_package) by extensions ['ros']
[4.700s] Level 1:colcon.colcon_core.package_identification:_identify(src/my_webcam_package) by extension 'ros'
[4.701s] DEBUG:colcon.colcon_core.package_identification:Package 'src/my_webcam_package' with type 'ros.ament_python' and name 'my_webcam_package'
[4.702s] Level 1:colcon.colcon_core.package_discovery:discover_packages(recursive) using defaults
[4.702s] Level 1:colcon.colcon_core.package_discovery:discover_packages(ignore) discover
[4.702s] Level 1:colcon.colcon_core.package_discovery:discover_packages(ignore) using defaults
[4.702s] Level 1:colcon.colcon_core.package_discovery:discover_packages(path) discover
[4.702s] Level 1:colcon.colcon_core.package_discovery:discover_packages(path) using defaults
[4.961s] INFO:colcon.colcon_core.package_selection:Skipping not selected package 'my_webcam_package' in 'src/my_webcam_package'
[5.107s] Level 1:colcon.colcon_core.package_discovery:discover_packages(prefix_path) check parameters
[5.107s] Level 1:colcon.colcon_core.package_discovery:discover_packages(prefix_path) discover
[5.255s] DEBUG:colcon.colcon_installed_package_information.package_discovery:Found 1 installed packages in /home/aros/ForaBotResearch/ros2_foxy_workspace/install
[5.331s] DEBUG:colcon.colcon_installed_package_information.package_discovery:Found 256 installed packages in /opt/ros/foxy
[5.334s] Level 1:colcon.colcon_core.package_discovery:discover_packages(prefix_path) using defaults
[5.656s] Level 5:colcon.colcon_core.verb:set package 'csi_camera_pkg' build argument 'cmake_args' from command line to 'None'
[5.656s] Level 5:colcon.colcon_core.verb:set package 'csi_camera_pkg' build argument 'cmake_target' from command line to 'None'
[5.656s] Level 5:colcon.colcon_core.verb:set package 'csi_camera_pkg' build argument 'cmake_target_skip_unavailable' from command line to 'False'
[5.656s] Level 5:colcon.colcon_core.verb:set package 'csi_camera_pkg' build argument 'cmake_clean_cache' from command line to 'False'
[5.656s] Level 5:colcon.colcon_core.verb:set package 'csi_camera_pkg' build argument 'cmake_clean_first' from command line to 'False'
[5.656s] Level 5:colcon.colcon_core.verb:set package 'csi_camera_pkg' build argument 'cmake_force_configure' from command line to 'False'
[5.656s] Level 5:colcon.colcon_core.verb:set package 'csi_camera_pkg' build argument 'ament_cmake_args' from command line to 'None'
[5.656s] Level 5:colcon.colcon_core.verb:set package 'csi_camera_pkg' build argument 'catkin_cmake_args' from command line to 'None'
[5.656s] Level 5:colcon.colcon_core.verb:set package 'csi_camera_pkg' build argument 'catkin_skip_building_tests' from command line to 'False'
[5.656s] DEBUG:colcon.colcon_core.verb:Building package 'csi_camera_pkg' with the following arguments: {'ament_cmake_args': None, 'build_base': '/home/aros/ForaBotResearch/ros2_foxy_workspace/build/csi_camera_pkg', 'catkin_cmake_args': None, 'catkin_skip_building_tests': False, 'cmake_args': None, 'cmake_clean_cache': False, 'cmake_clean_first': False, 'cmake_force_configure': False, 'cmake_target': None, 'cmake_target_skip_unavailable': False, 'install_base': '/home/aros/ForaBotResearch/ros2_foxy_workspace/install/csi_camera_pkg', 'merge_install': False, 'path': '/home/aros/ForaBotResearch/ros2_foxy_workspace/src/csi_camera_pkg', 'symlink_install': False, 'test_result_base': None}
[5.730s] INFO:colcon.colcon_core.executor:Executing jobs using 'parallel' executor
[5.806s] DEBUG:colcon.colcon_parallel_executor.executor.parallel:run_until_complete
[5.806s] INFO:colcon.colcon_ros.task.ament_python.build:Building ROS package in '/home/aros/ForaBotResearch/ros2_foxy_workspace/src/csi_camera_pkg' with build type 'ament_python'
[5.807s] Level 1:colcon.colcon_core.shell:create_environment_hook('csi_camera_pkg', 'ament_prefix_path')
[5.893s] INFO:colcon.colcon_core.plugin_system:Skipping extension 'colcon_core.shell.bat': Not used on non-Windows systems
[5.894s] INFO:colcon.colcon_core.shell:Creating environment hook '/home/aros/ForaBotResearch/ros2_foxy_workspace/install/csi_camera_pkg/share/csi_camera_pkg/hook/ament_prefix_path.ps1'
[5.896s] INFO:colcon.colcon_core.shell:Creating environment descriptor '/home/aros/ForaBotResearch/ros2_foxy_workspace/install/csi_camera_pkg/share/csi_camera_pkg/hook/ament_prefix_path.dsv'
[5.897s] INFO:colcon.colcon_core.shell:Creating environment hook '/home/aros/ForaBotResearch/ros2_foxy_workspace/install/csi_camera_pkg/share/csi_camera_pkg/hook/ament_prefix_path.sh'
[5.977s] INFO:colcon.colcon_core.shell:Skip shell extension 'powershell' for command environment: Not usable outside of PowerShell
[5.977s] DEBUG:colcon.colcon_core.shell:Skip shell extension 'dsv' for command environment
[6.681s] INFO:colcon.colcon_core.task.python.build:Building Python package in '/home/aros/ForaBotResearch/ros2_foxy_workspace/src/csi_camera_pkg'
[6.765s] INFO:colcon.colcon_core.shell:Skip shell extension 'powershell' for command environment: Not usable outside of PowerShell
[6.765s] DEBUG:colcon.colcon_core.shell:Skip shell extension 'dsv' for command environment
[7.844s] DEBUG:colcon.colcon_core.event_handler.log_command:Invoking command in '/home/aros/ForaBotResearch/ros2_foxy_workspace/src/csi_camera_pkg': PYTHONPATH=/home/aros/ForaBotResearch/ros2_foxy_workspace/build/csi_camera_pkg/prefix_override:/home/aros/ForaBotResearch/ros2_foxy_workspace/install/csi_camera_pkg/lib/python3.8/site-packages:${PYTHONPATH} /usr/bin/python3 setup.py egg_info --egg-base ../../build/csi_camera_pkg build --build-base /home/aros/ForaBotResearch/ros2_foxy_workspace/build/csi_camera_pkg/build install --record /home/aros/ForaBotResearch/ros2_foxy_workspace/build/csi_camera_pkg/install.log --install-scripts $base/lib/csi_camera_pkg --single-version-externally-managed
[8.450s] DEBUG:colcon.colcon_core.event_handler.log_command:Invoked command in '/home/aros/ForaBotResearch/ros2_foxy_workspace/src/csi_camera_pkg' returned '0': PYTHONPATH=/home/aros/ForaBotResearch/ros2_foxy_workspace/build/csi_camera_pkg/prefix_override:/home/aros/ForaBotResearch/ros2_foxy_workspace/install/csi_camera_pkg/lib/python3.8/site-packages:${PYTHONPATH} /usr/bin/python3 setup.py egg_info --egg-base ../../build/csi_camera_pkg build --build-base /home/aros/ForaBotResearch/ros2_foxy_workspace/build/csi_camera_pkg/build install --record /home/aros/ForaBotResearch/ros2_foxy_workspace/build/csi_camera_pkg/install.log --install-scripts $base/lib/csi_camera_pkg --single-version-externally-managed
[8.551s] Level 1:colcon.colcon_core.environment:checking '/home/aros/ForaBotResearch/ros2_foxy_workspace/install/csi_camera_pkg' for CMake module files
[8.552s] Level 1:colcon.colcon_core.environment:checking '/home/aros/ForaBotResearch/ros2_foxy_workspace/install/csi_camera_pkg' for CMake config files
[8.554s] Level 1:colcon.colcon_core.environment:checking '/home/aros/ForaBotResearch/ros2_foxy_workspace/install/csi_camera_pkg/lib'
[8.554s] Level 1:colcon.colcon_core.environment:checking '/home/aros/ForaBotResearch/ros2_foxy_workspace/install/csi_camera_pkg/bin'
[8.555s] Level 1:colcon.colcon_core.environment:checking '/home/aros/ForaBotResearch/ros2_foxy_workspace/install/csi_camera_pkg/lib/pkgconfig/csi_camera_pkg.pc'
[8.555s] Level 1:colcon.colcon_core.environment:checking '/home/aros/ForaBotResearch/ros2_foxy_workspace/install/csi_camera_pkg/lib/python3.8/site-packages'
[8.555s] Level 1:colcon.colcon_core.shell:create_environment_hook('csi_camera_pkg', 'pythonpath')
[8.632s] INFO:colcon.colcon_core.shell:Creating environment hook '/home/aros/ForaBotResearch/ros2_foxy_workspace/install/csi_camera_pkg/share/csi_camera_pkg/hook/pythonpath.ps1'
[8.633s] INFO:colcon.colcon_core.shell:Creating environment descriptor '/home/aros/ForaBotResearch/ros2_foxy_workspace/install/csi_camera_pkg/share/csi_camera_pkg/hook/pythonpath.dsv'
[8.633s] INFO:colcon.colcon_core.shell:Creating environment hook '/home/aros/ForaBotResearch/ros2_foxy_workspace/install/csi_camera_pkg/share/csi_camera_pkg/hook/pythonpath.sh'
[8.634s] Level 1:colcon.colcon_core.environment:checking '/home/aros/ForaBotResearch/ros2_foxy_workspace/install/csi_camera_pkg/bin'
[8.635s] Level 1:colcon.colcon_core.environment:create_environment_scripts_only(csi_camera_pkg)
[8.709s] INFO:colcon.colcon_core.shell:Creating package script '/home/aros/ForaBotResearch/ros2_foxy_workspace/install/csi_camera_pkg/share/csi_camera_pkg/package.ps1'
[8.711s] INFO:colcon.colcon_core.shell:Creating package descriptor '/home/aros/ForaBotResearch/ros2_foxy_workspace/install/csi_camera_pkg/share/csi_camera_pkg/package.dsv'
[8.712s] INFO:colcon.colcon_core.shell:Creating package script '/home/aros/ForaBotResearch/ros2_foxy_workspace/install/csi_camera_pkg/share/csi_camera_pkg/package.sh'
[8.713s] INFO:colcon.colcon_core.shell:Creating package script '/home/aros/ForaBotResearch/ros2_foxy_workspace/install/csi_camera_pkg/share/csi_camera_pkg/package.bash'
[8.715s] INFO:colcon.colcon_core.shell:Creating package script '/home/aros/ForaBotResearch/ros2_foxy_workspace/install/csi_camera_pkg/share/csi_camera_pkg/package.zsh'
[8.716s] Level 1:colcon.colcon_core.environment:create_file_with_runtime_dependencies(/home/aros/ForaBotResearch/ros2_foxy_workspace/install/csi_camera_pkg/share/colcon-core/packages/csi_camera_pkg)
[8.717s] DEBUG:colcon.colcon_parallel_executor.executor.parallel:closing loop
[8.718s] DEBUG:colcon.colcon_parallel_executor.executor.parallel:loop closed
[8.718s] DEBUG:colcon.colcon_parallel_executor.executor.parallel:run_until_complete finished with '0'
[8.718s] DEBUG:colcon.colcon_core.event_reactor:joining thread
[8.823s] INFO:colcon.colcon_core.plugin_system:Skipping extension 'colcon_notification.desktop_notification.terminal_notifier': Not used on non-Darwin systems
[8.824s] INFO:colcon.colcon_core.plugin_system:Skipping extension 'colcon_notification.desktop_notification.win32': Not used on non-Windows systems
[8.824s] INFO:colcon.colcon_notification.desktop_notification:Sending desktop notification using 'notify2'
[8.876s] DEBUG:colcon.colcon_core.event_reactor:joined thread
[8.958s] INFO:colcon.colcon_core.shell:Creating prefix script '/home/aros/ForaBotResearch/ros2_foxy_workspace/install/local_setup.ps1'
[8.961s] INFO:colcon.colcon_core.shell:Creating prefix util module '/home/aros/ForaBotResearch/ros2_foxy_workspace/install/_local_setup_util_ps1.py'
[8.963s] INFO:colcon.colcon_core.shell:Creating prefix chain script '/home/aros/ForaBotResearch/ros2_foxy_workspace/install/setup.ps1'
[9.046s] INFO:colcon.colcon_core.shell:Creating prefix script '/home/aros/ForaBotResearch/ros2_foxy_workspace/install/local_setup.sh'
[9.048s] INFO:colcon.colcon_core.shell:Creating prefix util module '/home/aros/ForaBotResearch/ros2_foxy_workspace/install/_local_setup_util_sh.py'
[9.049s] INFO:colcon.colcon_core.shell:Creating prefix chain script '/home/aros/ForaBotResearch/ros2_foxy_workspace/install/setup.sh'
[9.129s] INFO:colcon.colcon_core.shell:Creating prefix script '/home/aros/ForaBotResearch/ros2_foxy_workspace/install/local_setup.bash'
[9.131s] INFO:colcon.colcon_core.shell:Creating prefix chain script '/home/aros/ForaBotResearch/ros2_foxy_workspace/install/setup.bash'
[9.206s] INFO:colcon.colcon_core.shell:Creating prefix script '/home/aros/ForaBotResearch/ros2_foxy_workspace/install/local_setup.zsh'
[9.208s] INFO:colcon.colcon_core.shell:Creating prefix chain script '/home/aros/ForaBotResearch/ros2_foxy_workspace/install/setup.zsh'
