running egg_info
writing ../../build/my_webcam_package/my_webcam_package.egg-info/PKG-INFO
writing dependency_links to ../../build/my_webcam_package/my_webcam_package.egg-info/dependency_links.txt
writing entry points to ../../build/my_webcam_package/my_webcam_package.egg-info/entry_points.txt
writing requirements to ../../build/my_webcam_package/my_webcam_package.egg-info/requires.txt
writing top-level names to ../../build/my_webcam_package/my_webcam_package.egg-info/top_level.txt
reading manifest file '../../build/my_webcam_package/my_webcam_package.egg-info/SOURCES.txt'
writing manifest file '../../build/my_webcam_package/my_webcam_package.egg-info/SOURCES.txt'
running build
running build_py
copying my_webcam_package/webcam_node.py -> /home/aros/ForaBotResearch/ros2_foxy_workspace/build/my_webcam_package/build/lib/my_webcam_package
running install
running install_lib
copying /home/aros/ForaBotResearch/ros2_foxy_workspace/build/my_webcam_package/build/lib/my_webcam_package/webcam_node.py -> /home/aros/ForaBotResearch/ros2_foxy_workspace/install/my_webcam_package/lib/python3.8/site-packages/my_webcam_package
byte-compiling /home/aros/ForaBotResearch/ros2_foxy_workspace/install/my_webcam_package/lib/python3.8/site-packages/my_webcam_package/webcam_node.py to webcam_node.cpython-38.pyc
running install_data
running install_egg_info
removing '/home/aros/ForaBotResearch/ros2_foxy_workspace/install/my_webcam_package/lib/python3.8/site-packages/my_webcam_package-0.0.0-py3.8.egg-info' (and everything under it)
Copying ../../build/my_webcam_package/my_webcam_package.egg-info to /home/aros/ForaBotResearch/ros2_foxy_workspace/install/my_webcam_package/lib/python3.8/site-packages/my_webcam_package-0.0.0-py3.8.egg-info
running install_scripts
Installing webcam_node script to /home/aros/ForaBotResearch/ros2_foxy_workspace/install/my_webcam_package/lib/my_webcam_package
writing list of installed files to '/home/aros/ForaBotResearch/ros2_foxy_workspace/build/my_webcam_package/install.log'
