[2.040s] Invoking command in '/home/aros/ForaBotResearch/ros2_foxy_workspace/src/my_webcam_package': PYTHONPATH=/home/aros/ForaBotResearch/ros2_foxy_workspace/build/my_webcam_package/prefix_override:/home/aros/ForaBotResearch/ros2_foxy_workspace/install/my_webcam_package/lib/python3.8/site-packages:${PYTHONPATH} /usr/bin/python3 setup.py egg_info --egg-base ../../build/my_webcam_package build --build-base /home/aros/ForaBotResearch/ros2_foxy_workspace/build/my_webcam_package/build install --record /home/aros/ForaBotResearch/ros2_foxy_workspace/build/my_webcam_package/install.log --install-scripts $base/lib/my_webcam_package --single-version-externally-managed
[2.459s] running egg_info
[2.460s] writing ../../build/my_webcam_package/my_webcam_package.egg-info/PKG-INFO
[2.461s] writing dependency_links to ../../build/my_webcam_package/my_webcam_package.egg-info/dependency_links.txt
[2.462s] writing entry points to ../../build/my_webcam_package/my_webcam_package.egg-info/entry_points.txt
[2.463s] writing requirements to ../../build/my_webcam_package/my_webcam_package.egg-info/requires.txt
[2.463s] writing top-level names to ../../build/my_webcam_package/my_webcam_package.egg-info/top_level.txt
[2.527s] reading manifest file '../../build/my_webcam_package/my_webcam_package.egg-info/SOURCES.txt'
[2.529s] writing manifest file '../../build/my_webcam_package/my_webcam_package.egg-info/SOURCES.txt'
[2.529s] running build
[2.530s] running build_py
[2.530s] copying my_webcam_package/webcam_node.py -> /home/aros/ForaBotResearch/ros2_foxy_workspace/build/my_webcam_package/build/lib/my_webcam_package
[2.531s] running install
[2.533s] running install_lib
[2.534s] copying /home/aros/ForaBotResearch/ros2_foxy_workspace/build/my_webcam_package/build/lib/my_webcam_package/webcam_node.py -> /home/aros/ForaBotResearch/ros2_foxy_workspace/install/my_webcam_package/lib/python3.8/site-packages/my_webcam_package
[2.536s] byte-compiling /home/aros/ForaBotResearch/ros2_foxy_workspace/install/my_webcam_package/lib/python3.8/site-packages/my_webcam_package/webcam_node.py to webcam_node.cpython-38.pyc
[2.538s] running install_data
[2.539s] running install_egg_info
[2.542s] removing '/home/aros/ForaBotResearch/ros2_foxy_workspace/install/my_webcam_package/lib/python3.8/site-packages/my_webcam_package-0.0.0-py3.8.egg-info' (and everything under it)
[2.543s] Copying ../../build/my_webcam_package/my_webcam_package.egg-info to /home/aros/ForaBotResearch/ros2_foxy_workspace/install/my_webcam_package/lib/python3.8/site-packages/my_webcam_package-0.0.0-py3.8.egg-info
[2.545s] running install_scripts
[2.580s] Installing webcam_node script to /home/aros/ForaBotResearch/ros2_foxy_workspace/install/my_webcam_package/lib/my_webcam_package
[2.581s] writing list of installed files to '/home/aros/ForaBotResearch/ros2_foxy_workspace/build/my_webcam_package/install.log'
[2.634s] Invoked command in '/home/aros/ForaBotResearch/ros2_foxy_workspace/src/my_webcam_package' returned '0': PYTHONPATH=/home/aros/ForaBotResearch/ros2_foxy_workspace/build/my_webcam_package/prefix_override:/home/aros/ForaBotResearch/ros2_foxy_workspace/install/my_webcam_package/lib/python3.8/site-packages:${PYTHONPATH} /usr/bin/python3 setup.py egg_info --egg-base ../../build/my_webcam_package build --build-base /home/aros/ForaBotResearch/ros2_foxy_workspace/build/my_webcam_package/build install --record /home/aros/ForaBotResearch/ros2_foxy_workspace/build/my_webcam_package/install.log --install-scripts $base/lib/my_webcam_package --single-version-externally-managed
