[1.934s] Invoking command in '/home/aros/ForaBotResearch/ros2_foxy_workspace/src/csi_camera_pkg': PYTHONPATH=/home/aros/ForaBotResearch/ros2_foxy_workspace/build/csi_camera_pkg/prefix_override:/home/aros/ForaBotResearch/ros2_foxy_workspace/install/csi_camera_pkg/lib/python3.8/site-packages:${PYTHONPATH} /usr/bin/python3 setup.py egg_info --egg-base ../../build/csi_camera_pkg build --build-base /home/aros/ForaBotResearch/ros2_foxy_workspace/build/csi_camera_pkg/build install --record /home/aros/ForaBotResearch/ros2_foxy_workspace/build/csi_camera_pkg/install.log --install-scripts $base/lib/csi_camera_pkg --single-version-externally-managed
[2.348s] running egg_info
[2.349s] writing ../../build/csi_camera_pkg/csi_camera_pkg.egg-info/PKG-INFO
[2.350s] writing dependency_links to ../../build/csi_camera_pkg/csi_camera_pkg.egg-info/dependency_links.txt
[2.350s] writing entry points to ../../build/csi_camera_pkg/csi_camera_pkg.egg-info/entry_points.txt
[2.350s] writing requirements to ../../build/csi_camera_pkg/csi_camera_pkg.egg-info/requires.txt
[2.351s] writing top-level names to ../../build/csi_camera_pkg/csi_camera_pkg.egg-info/top_level.txt
[2.413s] reading manifest file '../../build/csi_camera_pkg/csi_camera_pkg.egg-info/SOURCES.txt'
[2.414s] writing manifest file '../../build/csi_camera_pkg/csi_camera_pkg.egg-info/SOURCES.txt'
[2.415s] running build
[2.415s] running build_py
[2.416s] copying csi_camera_pkg/csi_camera_node.py -> /home/aros/ForaBotResearch/ros2_foxy_workspace/build/csi_camera_pkg/build/lib/csi_camera_pkg
[2.416s] running install
[2.417s] running install_lib
[2.419s] copying /home/aros/ForaBotResearch/ros2_foxy_workspace/build/csi_camera_pkg/build/lib/csi_camera_pkg/csi_camera_node.py -> /home/aros/ForaBotResearch/ros2_foxy_workspace/install/csi_camera_pkg/lib/python3.8/site-packages/csi_camera_pkg
[2.420s] byte-compiling /home/aros/ForaBotResearch/ros2_foxy_workspace/install/csi_camera_pkg/lib/python3.8/site-packages/csi_camera_pkg/csi_camera_node.py to csi_camera_node.cpython-38.pyc
[2.422s] running install_data
[2.423s] running install_egg_info
[2.426s] removing '/home/aros/ForaBotResearch/ros2_foxy_workspace/install/csi_camera_pkg/lib/python3.8/site-packages/csi_camera_pkg-0.0.0-py3.8.egg-info' (and everything under it)
[2.427s] Copying ../../build/csi_camera_pkg/csi_camera_pkg.egg-info to /home/aros/ForaBotResearch/ros2_foxy_workspace/install/csi_camera_pkg/lib/python3.8/site-packages/csi_camera_pkg-0.0.0-py3.8.egg-info
[2.429s] running install_scripts
[2.463s] Installing csi_camera_node script to /home/aros/ForaBotResearch/ros2_foxy_workspace/install/csi_camera_pkg/lib/csi_camera_pkg
[2.464s] writing list of installed files to '/home/aros/ForaBotResearch/ros2_foxy_workspace/build/csi_camera_pkg/install.log'
[2.518s] Invoked command in '/home/aros/ForaBotResearch/ros2_foxy_workspace/src/csi_camera_pkg' returned '0': PYTHONPATH=/home/aros/ForaBotResearch/ros2_foxy_workspace/build/csi_camera_pkg/prefix_override:/home/aros/ForaBotResearch/ros2_foxy_workspace/install/csi_camera_pkg/lib/python3.8/site-packages:${PYTHONPATH} /usr/bin/python3 setup.py egg_info --egg-base ../../build/csi_camera_pkg build --build-base /home/aros/ForaBotResearch/ros2_foxy_workspace/build/csi_camera_pkg/build install --record /home/aros/ForaBotResearch/ros2_foxy_workspace/build/csi_camera_pkg/install.log --install-scripts $base/lib/csi_camera_pkg --single-version-externally-managed
